<?xml version="1.0" encoding="UTF-8"?>
<!-- Generated by org.testng.reporters.JUnitXMLReporter -->
<testsuite hostname="DESKTOP-D8HNM4S" ignored="0" name="Default test" tests="3" failures="0" timestamp="2020-11-13T01:29:06 IST" time="26.23" errors="0">
  <testcase name="launchSite" time="24.102" classname="tests.AmazonLoginTestDataProviderExcel"/>
  <testcase name="loginOperation" time="0.0" classname="tests.AmazonLoginTestDataProviderExcel">
    <skipped/>
  </testcase> <!-- loginOperation -->
  <testcase name="closeSite" time="2.072" classname="tests.AmazonLoginTestDataProviderExcel"/>
</testsuite> <!-- Default test -->
