<?xml version="1.0" encoding="UTF-8"?>
<!-- Generated by org.testng.reporters.JUnitXMLReporter -->
<testsuite hostname="DESKTOP-D8HNM4S" ignored="0" name="Login Test" tests="3" failures="0" timestamp="2020-11-13T01:35:37 IST" time="57.285" errors="0">
  <testcase name="launchSite" time="36.972" classname="tests.AmazonLoginTestDataProviderExcel"/>
  <testcase name="loginOperation" time="9.884" classname="tests.AmazonLoginTestDataProviderExcel"/>
  <testcase name="closeSite" time="0.995" classname="tests.AmazonLoginTestDataProviderExcel"/>
</testsuite> <!-- Login Test -->
