<?xml version="1.0" encoding="UTF-8"?>
<!-- Generated by org.testng.reporters.JUnitXMLReporter -->
<testsuite hostname="DESKTOP-D8HNM4S" ignored="0" name="Test1" tests="3" failures="0" timestamp="2020-11-22T00:59:16 IST" time="32.165" errors="0">
  <testcase name="launchSite" time="26.789" classname="tests.AmazonLoginTest"/>
  <testcase name="loginOperation" time="4.801" classname="tests.AmazonLoginTest"/>
  <testcase name="closeSite" time="0.524" classname="tests.AmazonLoginTest"/>
</testsuite> <!-- Test1 -->
