<?xml version="1.0" encoding="UTF-8"?>
<!-- Generated by org.testng.reporters.JUnitXMLReporter -->
<testsuite hostname="DESKTOP-D8HNM4S" ignored="0" name="Test5" tests="3" failures="0" timestamp="2020-11-22T00:59:18 IST" time="34.272" errors="0">
  <testcase name="launchSite" time="17.884" classname="tests.AmazonLoginTest"/>
  <testcase name="loginOperation" time="15.975" classname="tests.AmazonLoginTest"/>
  <testcase name="closeSite" time="0.356" classname="tests.AmazonLoginTest"/>
</testsuite> <!-- Test5 -->
