<?xml version="1.0" encoding="UTF-8"?>
<!-- Generated by org.testng.reporters.JUnitXMLReporter -->
<testsuite hostname="DESKTOP-D8HNM4S" ignored="0" name="Test4" tests="3" failures="0" timestamp="2020-11-22T00:59:33 IST" time="49.485" errors="0">
  <testcase name="launchSite" time="37.219" classname="tests.AmazonLoginTest"/>
  <testcase name="loginOperation" time="12.125" classname="tests.AmazonLoginTest"/>
  <testcase name="closeSite" time="0.094" classname="tests.AmazonLoginTest"/>
</testsuite> <!-- Test4 -->
